D:\DOCUMENTOS\DROPBOX\VIDEO SUMMARIZATION PROJECT\CODE\OBJECTNESS BING\BINGOBJECTNESSCVPR14\LIBLINEAR\X64\DEBUG\DAXPY.OBJ
D:\DOCUMENTOS\DROPBOX\VIDEO SUMMARIZATION PROJECT\CODE\OBJECTNESS BING\BINGOBJECTNESSCVPR14\LIBLINEAR\X64\DEBUG\DDOT.OBJ
D:\DOCUMENTOS\DROPBOX\VIDEO SUMMARIZATION PROJECT\CODE\OBJECTNESS BING\BINGOBJECTNESSCVPR14\LIBLINEAR\X64\DEBUG\DNRM2.OBJ
D:\DOCUMENTOS\DROPBOX\VIDEO SUMMARIZATION PROJECT\CODE\OBJECTNESS BING\BINGOBJECTNESSCVPR14\LIBLINEAR\X64\DEBUG\DSCAL.OBJ
D:\DOCUMENTOS\DROPBOX\VIDEO SUMMARIZATION PROJECT\CODE\OBJECTNESS BING\BINGOBJECTNESSCVPR14\LIBLINEAR\X64\DEBUG\TRAIN.OBJ
D:\DOCUMENTOS\DROPBOX\VIDEO SUMMARIZATION PROJECT\CODE\OBJECTNESS BING\BINGOBJECTNESSCVPR14\LIBLINEAR\X64\DEBUG\VC100.PDB
D:\DOCUMENTOS\DROPBOX\VIDEO SUMMARIZATION PROJECT\CODE\OBJECTNESS BING\BINGOBJECTNESSCVPR14\LIBLINEAR\X64\DEBUG\LINEAR.OBJ
D:\DOCUMENTOS\DROPBOX\VIDEO SUMMARIZATION PROJECT\CODE\OBJECTNESS BING\BINGOBJECTNESSCVPR14\LIBLINEAR\X64\DEBUG\TRON.OBJ
D:\DOCUMENTOS\DROPBOX\VIDEO SUMMARIZATION PROJECT\CODE\OBJECTNESS BING\BINGOBJECTNESSCVPR14\X64\DEBUG\LIBLINEAR.LIB
D:\Documentos\Dropbox\Video Summarization Project\Code\Objectness BING\BingObjectnessCVPR14\LibLinear\x64\Debug\daxpy.obj
D:\Documentos\Dropbox\Video Summarization Project\Code\Objectness BING\BingObjectnessCVPR14\LibLinear\x64\Debug\ddot.obj
D:\Documentos\Dropbox\Video Summarization Project\Code\Objectness BING\BingObjectnessCVPR14\LibLinear\x64\Debug\dnrm2.obj
D:\Documentos\Dropbox\Video Summarization Project\Code\Objectness BING\BingObjectnessCVPR14\LibLinear\x64\Debug\dscal.obj
D:\Documentos\Dropbox\Video Summarization Project\Code\Objectness BING\BingObjectnessCVPR14\LibLinear\x64\Debug\train.obj
D:\Documentos\Dropbox\Video Summarization Project\Code\Objectness BING\BingObjectnessCVPR14\LibLinear\x64\Debug\linear.obj
D:\Documentos\Dropbox\Video Summarization Project\Code\Objectness BING\BingObjectnessCVPR14\LibLinear\x64\Debug\tron.obj
D:\Documentos\Dropbox\Video Summarization Project\Code\Objectness BING\BingObjectnessCVPR14\LibLinear\x64\Debug\CL.read.1.tlog
D:\Documentos\Dropbox\Video Summarization Project\Code\Objectness BING\BingObjectnessCVPR14\LibLinear\x64\Debug\CL.write.1.tlog
D:\Documentos\Dropbox\Video Summarization Project\Code\Objectness BING\BingObjectnessCVPR14\LibLinear\x64\Debug\cl.command.1.tlog
D:\Documentos\Dropbox\Video Summarization Project\Code\Objectness BING\BingObjectnessCVPR14\LibLinear\x64\Debug\Lib-link.read.1.tlog
D:\Documentos\Dropbox\Video Summarization Project\Code\Objectness BING\BingObjectnessCVPR14\LibLinear\x64\Debug\Lib-link.write.1.tlog
D:\Documentos\Dropbox\Video Summarization Project\Code\Objectness BING\BingObjectnessCVPR14\LibLinear\x64\Debug\lib.command.1.tlog
D:\Documentos\Dropbox\Video Summarization Project\Code\Objectness BING\BingObjectnessCVPR14\LibLinear\x64\Debug\vc100.idb
D:\Documentos\Dropbox\Video Summarization Project\Code\Objectness BING\BingObjectnessCVPR14\LibLinear\x64\Debug\vc100.pdb
D:\Documentos\Dropbox\Video Summarization Project\Code\Objectness BING\BingObjectnessCVPR14\x64\Debug\LibLinear.lib
