D:\DOCUMENTOS\DROPBOX\VIDEO SUMMARIZATION PROJECT\CODE\OBJECTNESS BING\BINGOBJECTNESSCVPR14\OBJECTNESS\X64\DEBUG\OBJECTNESS.PCH
D:\DOCUMENTOS\DROPBOX\VIDEO SUMMARIZATION PROJECT\CODE\OBJECTNESS BING\BINGOBJECTNESSCVPR14\OBJECTNESS\X64\DEBUG\STDAFX.OBJ
D:\DOCUMENTOS\DROPBOX\VIDEO SUMMARIZATION PROJECT\CODE\OBJECTNESS BING\BINGOBJECTNESSCVPR14\OBJECTNESS\X64\DEBUG\VC100.PDB
D:\DOCUMENTOS\DROPBOX\VIDEO SUMMARIZATION PROJECT\CODE\OBJECTNESS BING\BINGOBJECTNESSCVPR14\OBJECTNESS\X64\DEBUG\CMFILE.OBJ
D:\DOCUMENTOS\DROPBOX\VIDEO SUMMARIZATION PROJECT\CODE\OBJECTNESS BING\BINGOBJECTNESSCVPR14\OBJECTNESS\X64\DEBUG\CMSHOW.OBJ
D:\DOCUMENTOS\DROPBOX\VIDEO SUMMARIZATION PROJECT\CODE\OBJECTNESS BING\BINGOBJECTNESSCVPR14\OBJECTNESS\X64\DEBUG\DATASET.OBJ
D:\DOCUMENTOS\DROPBOX\VIDEO SUMMARIZATION PROJECT\CODE\OBJECTNESS BING\BINGOBJECTNESSCVPR14\OBJECTNESS\X64\DEBUG\DATASETVOC.OBJ
D:\DOCUMENTOS\DROPBOX\VIDEO SUMMARIZATION PROJECT\CODE\OBJECTNESS BING\BINGOBJECTNESSCVPR14\OBJECTNESS\X64\DEBUG\FILTERBING.OBJ
D:\DOCUMENTOS\DROPBOX\VIDEO SUMMARIZATION PROJECT\CODE\OBJECTNESS BING\BINGOBJECTNESSCVPR14\OBJECTNESS\X64\DEBUG\MAIN.OBJ
D:\Documentos\Dropbox\Video Summarization Project\Code\Objectness BING\BingObjectnessCVPR14\Objectness\x64\Debug\stdafx.obj
D:\Documentos\Dropbox\Video Summarization Project\Code\Objectness BING\BingObjectnessCVPR14\Objectness\x64\Debug\CmFile.obj
D:\Documentos\Dropbox\Video Summarization Project\Code\Objectness BING\BingObjectnessCVPR14\Objectness\x64\Debug\CmShow.obj
D:\Documentos\Dropbox\Video Summarization Project\Code\Objectness BING\BingObjectnessCVPR14\Objectness\x64\Debug\DataSet.obj
D:\Documentos\Dropbox\Video Summarization Project\Code\Objectness BING\BingObjectnessCVPR14\Objectness\x64\Debug\DataSetVOC.obj
D:\Documentos\Dropbox\Video Summarization Project\Code\Objectness BING\BingObjectnessCVPR14\Objectness\x64\Debug\FilterBING.obj
D:\Documentos\Dropbox\Video Summarization Project\Code\Objectness BING\BingObjectnessCVPR14\Objectness\x64\Debug\Main.obj
D:\Documentos\Dropbox\Video Summarization Project\Code\Objectness BING\BingObjectnessCVPR14\Objectness\x64\Debug\Objectness.write.1.tlog
D:\Documentos\Dropbox\Video Summarization Project\Code\Objectness BING\BingObjectnessCVPR14\Objectness\x64\Debug\CL.read.1.tlog
D:\Documentos\Dropbox\Video Summarization Project\Code\Objectness BING\BingObjectnessCVPR14\Objectness\x64\Debug\CL.write.1.tlog
D:\Documentos\Dropbox\Video Summarization Project\Code\Objectness BING\BingObjectnessCVPR14\Objectness\x64\Debug\cl.command.1.tlog
D:\Documentos\Dropbox\Video Summarization Project\Code\Objectness BING\BingObjectnessCVPR14\Objectness\x64\Debug\Objectness.pch
D:\Documentos\Dropbox\Video Summarization Project\Code\Objectness BING\BingObjectnessCVPR14\Objectness\x64\Debug\vc100.idb
D:\Documentos\Dropbox\Video Summarization Project\Code\Objectness BING\BingObjectnessCVPR14\Objectness\x64\Debug\vc100.pdb
