D:\DOCUMENTOS\DROPBOX\VIDEO SUMMARIZATION PROJECT\CODE\OBJECTNESS BING\BINGOBJECTNESSCVPR14\OBJECTNESS\X64\RELEASE\OBJECTNESS.PCH
D:\DOCUMENTOS\DROPBOX\VIDEO SUMMARIZATION PROJECT\CODE\OBJECTNESS BING\BINGOBJECTNESSCVPR14\OBJECTNESS\X64\RELEASE\STDAFX.OBJ
D:\DOCUMENTOS\DROPBOX\VIDEO SUMMARIZATION PROJECT\CODE\OBJECTNESS BING\BINGOBJECTNESSCVPR14\OBJECTNESS\X64\RELEASE\VC100.PDB
D:\DOCUMENTOS\DROPBOX\VIDEO SUMMARIZATION PROJECT\CODE\OBJECTNESS BING\BINGOBJECTNESSCVPR14\OBJECTNESS\X64\RELEASE\OBJECTNESS.OBJ
D:\DOCUMENTOS\DROPBOX\VIDEO SUMMARIZATION PROJECT\CODE\OBJECTNESS BING\BINGOBJECTNESSCVPR14\OBJECTNESS\X64\RELEASE\MAIN.OBJ
D:\DOCUMENTOS\DROPBOX\VIDEO SUMMARIZATION PROJECT\CODE\OBJECTNESS BING\BINGOBJECTNESSCVPR14\OBJECTNESS\X64\RELEASE\FILTERBING.OBJ
D:\DOCUMENTOS\DROPBOX\VIDEO SUMMARIZATION PROJECT\CODE\OBJECTNESS BING\BINGOBJECTNESSCVPR14\OBJECTNESS\X64\RELEASE\DATASETVOC.OBJ
D:\DOCUMENTOS\DROPBOX\VIDEO SUMMARIZATION PROJECT\CODE\OBJECTNESS BING\BINGOBJECTNESSCVPR14\OBJECTNESS\X64\RELEASE\CMSHOW.OBJ
D:\DOCUMENTOS\DROPBOX\VIDEO SUMMARIZATION PROJECT\CODE\OBJECTNESS BING\BINGOBJECTNESSCVPR14\OBJECTNESS\X64\RELEASE\CMFILE.OBJ
D:\DOCUMENTOS\DROPBOX\VIDEO SUMMARIZATION PROJECT\CODE\OBJECTNESS BING\BINGOBJECTNESSCVPR14\X64\RELEASE\OBJECTNESS.EXE
D:\DOCUMENTOS\DROPBOX\VIDEO SUMMARIZATION PROJECT\CODE\OBJECTNESS BING\BINGOBJECTNESSCVPR14\OBJECTNESS\X64\RELEASE\OBJECTNESS.EXE.INTERMEDIATE.MANIFEST
D:\DOCUMENTOS\DROPBOX\VIDEO SUMMARIZATION PROJECT\CODE\OBJECTNESS BING\BINGOBJECTNESSCVPR14\X64\RELEASE\OBJECTNESS.PDB
D:\Documentos\Dropbox\Video Summarization Project\Code\Objectness BING\BingObjectnessCVPR14\Objectness\x64\Release\stdafx.obj
D:\Documentos\Dropbox\Video Summarization Project\Code\Objectness BING\BingObjectnessCVPR14\Objectness\x64\Release\Objectness.obj
D:\Documentos\Dropbox\Video Summarization Project\Code\Objectness BING\BingObjectnessCVPR14\Objectness\x64\Release\Main.obj
D:\Documentos\Dropbox\Video Summarization Project\Code\Objectness BING\BingObjectnessCVPR14\Objectness\x64\Release\FilterBING.obj
D:\Documentos\Dropbox\Video Summarization Project\Code\Objectness BING\BingObjectnessCVPR14\Objectness\x64\Release\DataSetVOC.obj
D:\Documentos\Dropbox\Video Summarization Project\Code\Objectness BING\BingObjectnessCVPR14\Objectness\x64\Release\CmShow.obj
D:\Documentos\Dropbox\Video Summarization Project\Code\Objectness BING\BingObjectnessCVPR14\Objectness\x64\Release\CmFile.obj
D:\Documentos\Dropbox\Video Summarization Project\Code\Objectness BING\BingObjectnessCVPR14\Objectness\x64\Release\Objectness.write.1.tlog
D:\Documentos\Dropbox\Video Summarization Project\Code\Objectness BING\BingObjectnessCVPR14\Objectness\x64\Release\CL.read.1.tlog
D:\Documentos\Dropbox\Video Summarization Project\Code\Objectness BING\BingObjectnessCVPR14\Objectness\x64\Release\CL.write.1.tlog
D:\Documentos\Dropbox\Video Summarization Project\Code\Objectness BING\BingObjectnessCVPR14\Objectness\x64\Release\cl.command.1.tlog
D:\Documentos\Dropbox\Video Summarization Project\Code\Objectness BING\BingObjectnessCVPR14\Objectness\x64\Release\link.read.1.tlog
D:\Documentos\Dropbox\Video Summarization Project\Code\Objectness BING\BingObjectnessCVPR14\Objectness\x64\Release\link.write.1.tlog
D:\Documentos\Dropbox\Video Summarization Project\Code\Objectness BING\BingObjectnessCVPR14\Objectness\x64\Release\link.command.1.tlog
D:\Documentos\Dropbox\Video Summarization Project\Code\Objectness BING\BingObjectnessCVPR14\Objectness\x64\Release\mt.read.1.tlog
D:\Documentos\Dropbox\Video Summarization Project\Code\Objectness BING\BingObjectnessCVPR14\Objectness\x64\Release\mt.write.1.tlog
D:\Documentos\Dropbox\Video Summarization Project\Code\Objectness BING\BingObjectnessCVPR14\Objectness\x64\Release\mt.command.1.tlog
D:\Documentos\Dropbox\Video Summarization Project\Code\Objectness BING\BingObjectnessCVPR14\Objectness\x64\Release\Objectness.exe.intermediate.manifest
D:\Documentos\Dropbox\Video Summarization Project\Code\Objectness BING\BingObjectnessCVPR14\Objectness\x64\Release\Objectness.pch
D:\Documentos\Dropbox\Video Summarization Project\Code\Objectness BING\BingObjectnessCVPR14\Objectness\x64\Release\vc100.pdb
D:\Documentos\Dropbox\Video Summarization Project\Code\Objectness BING\BingObjectnessCVPR14\x64\Release\Objectness.pdb
D:\Documentos\Dropbox\Video Summarization Project\Code\Objectness BING\BingObjectnessCVPR14\x64\Release\Objectness.exe
